<?xml version="1.0" encoding="UTF-8" standalone="yes" ?>
<test-results name="D:\Projects\DTF\Tests\Win32\Debug\DTFTests.exe" total="3" errors="0" failures="0" ignored="0" inconclusive="0" not-run="0" skipped="0" invalid="0" date="2021-06-05" time="88.722">
  <culture-info current-culture="en" current-uiculture="en" />
  <test-suite type="Assembly" name="DTFTests.exe" executed="true" result="Success" success="True" time="88.722" asserts="0">
    <results>
        <test-suite type="Namespace" name="TestDTFExtractColProp" executed="true" result="Success" success="True" time="88.633" asserts="0" >
          <results>
              <test-suite type="Fixture" name="TTestDTFExtractColProp" executed="True" result="Success" success="True" time="88.633" >
                <results>
                  <test-case name="TestGetAttrCount" executed="True" result="Success" success="True" time="0.000" asserts="0" />
                  <test-case name="TestGetColPropsRec" executed="True" result="Success" success="True" time="0.000" asserts="0" />
                  <test-case name="TestGetColPropsRecDepth" executed="True" result="Success" success="True" time="88.434" asserts="0" />
                </results>
              </test-suite>
          </results>
        </test-suite>
    </results>
  </test-suite>
</test-results>
